<?xml version="1.0" encoding="UTF-8"?>
<!-- Generated by org.testng.reporters.JUnitReportReporter -->
<testsuite hostname="Gowtham-PC" failures="0" tests="7" name="Anupama.QETechAssessment.HomePage" time="4.355" errors="0" timestamp="2023-06-18T19:07:49 EDT" skipped="0">
  <testcase classname="Anupama.QETechAssessment.HomePage" name="testEmailAndPasswordInputs" time="0.135"/>
  <testcase classname="Anupama.QETechAssessment.HomePage" name="testEmailAndPasswordInputs" time="0.170"/>
  <testcase classname="Anupama.QETechAssessment.HomePage" name="testListItems" time="0.051"/>
  <testcase classname="Anupama.QETechAssessment.HomePage" name="testDropdownSelection" time="0.174"/>
  <testcase classname="Anupama.QETechAssessment.HomePage" name="testButtonStatus" time="0.030"/>
  <testcase classname="Anupama.QETechAssessment.HomePage" name="testDelayedButtonClick" time="3.778"/>
  <testcase classname="Anupama.QETechAssessment.HomePage" name="testGridCellValue" time="0.017"/>
</testsuite> <!-- Anupama.QETechAssessment.HomePage -->
